0 verbose cli /usr/bin/node /usr/bin/npm
1 info using npm@10.5.0
2 info using node@v18.20.2
3 timing npm:load:whichnode Completed in 31ms
4 timing config:load:defaults Completed in 22ms
5 timing config:load:file:/usr/lib/node_modules/npm/npmrc Completed in 2ms
6 timing config:load:builtin Completed in 2ms
7 timing config:load:cli Completed in 3ms
8 timing config:load:env Completed in 0ms
9 timing config:load:file:/home/ubuntu/.cache/typescript/4.8/.npmrc Completed in 1ms
10 timing config:load:project Completed in 8ms
11 timing config:load:file:/home/ubuntu/.npmrc Completed in 0ms
12 timing config:load:user Completed in 0ms
13 timing config:load:file:/usr/etc/npmrc Completed in 1ms
14 timing config:load:global Completed in 1ms
15 timing config:load:setEnvs Completed in 1ms
16 timing config:load Completed in 37ms
17 timing npm:load:configload Completed in 38ms
18 timing config:load:flatten Completed in 6ms
19 timing npm:load:mkdirpcache Completed in 0ms
20 timing npm:load:mkdirplogs Completed in 1ms
21 verbose title npm install types-registry@latest
22 verbose argv "install" "--ignore-scripts" "types-registry@latest"
23 timing npm:load:setTitle Completed in 1ms
24 timing npm:load:display Completed in 1ms
25 verbose logfile logs-max:10 dir:/home/ubuntu/.npm/_logs/2024-05-21T06_46_16_183Z-
26 verbose logfile /home/ubuntu/.npm/_logs/2024-05-21T06_46_16_183Z-debug-0.log
27 timing npm:load:logFile Completed in 16ms
28 timing npm:load:timers Completed in 0ms
29 timing npm:load:configScope Completed in 0ms
30 timing npm:load Completed in 123ms
31 timing arborist:ctor Completed in 12ms
32 silly logfile done cleaning log files
33 timing arborist:ctor Completed in 0ms
34 timing idealTree:init Completed in 51ms
35 http fetch GET 200 https://registry.npmjs.org/npm 492ms
36 http fetch GET 200 https://registry.npmjs.org/types-registry 553ms (cache updated)
37 timing idealTree:userRequests Completed in 589ms
38 silly idealTree buildDeps
39 silly fetch manifest types-registry@0.1.685
40 silly placeDep ROOT types-registry@0.1.685 OK for:  want: 0.1.685
41 timing idealTree:#root Completed in 24ms
42 timing idealTree:node_modules/types-registry Completed in 0ms
43 timing idealTree:buildDeps Completed in 26ms
44 timing idealTree:fixDepFlags Completed in 0ms
45 timing idealTree Completed in 668ms
46 timing reify:loadTrees Completed in 673ms
47 timing reify:diffTrees Completed in 0ms
48 silly reify moves {}
49 timing reify:retireShallow Completed in 7ms
50 timing reify:createSparse Completed in 11ms
51 timing reify:loadBundles Completed in 0ms
52 silly audit bulk request { 'types-registry': [ '0.1.685' ] }
53 silly tarball no local data for types-registry@https://registry.npmjs.org/types-registry/-/types-registry-0.1.685.tgz. Extracting by manifest.
54 http fetch GET 200 https://registry.npmjs.org/types-registry/-/types-registry-0.1.685.tgz 114ms (cache miss)
55 timing reifyNode:node_modules/types-registry Completed in 151ms
56 timing reify:unpack Completed in 151ms
57 timing reify:unretire Completed in 0ms
58 timing build:queue Completed in 0ms
59 timing build:deps Completed in 0ms
60 timing build Completed in 0ms
61 timing reify:build Completed in 6ms
62 timing reify:trash Completed in 0ms
63 timing reify:save Completed in 39ms
64 http fetch POST 200 https://registry.npmjs.org/-/npm/v1/security/advisories/bulk 203ms
65 timing auditReport:getReport Completed in 205ms
66 silly audit report {}
67 timing auditReport:init Completed in 0ms
68 timing reify:audit Completed in 206ms
69 timing reify Completed in 1173ms
70 silly ADD node_modules/types-registry
71 timing command:install Completed in 1193ms
72 notice
72 notice New minor version of npm available! 10.5.0 -> 10.8.0
72 notice Changelog: <https://github.com/npm/cli/releases/tag/v10.8.0>
72 notice Run `npm install -g npm@10.8.0` to update!
72 notice
73 verbose exit 0
74 timing npm Completed in 2069ms
75 info ok
