0 verbose cli /usr/bin/node /usr/bin/npm
1 info using npm@10.5.0
2 info using node@v18.20.2
3 timing npm:load:whichnode Completed in 2ms
4 timing config:load:defaults Completed in 2ms
5 timing config:load:file:/usr/lib/node_modules/npm/npmrc Completed in 10ms
6 timing config:load:builtin Completed in 10ms
7 timing config:load:cli Completed in 10ms
8 timing config:load:env Completed in 0ms
9 timing config:load:file:/home/ubuntu/.cache/typescript/4.8/.npmrc Completed in 0ms
10 timing config:load:project Completed in 1ms
11 timing config:load:file:/home/ubuntu/.npmrc Completed in 0ms
12 timing config:load:user Completed in 0ms
13 timing config:load:file:/usr/etc/npmrc Completed in 1ms
14 timing config:load:global Completed in 1ms
15 timing config:load:setEnvs Completed in 1ms
16 timing config:load Completed in 26ms
17 timing npm:load:configload Completed in 26ms
18 timing config:load:flatten Completed in 4ms
19 timing npm:load:mkdirpcache Completed in 0ms
20 timing npm:load:mkdirplogs Completed in 1ms
21 verbose title npm install types-registry@latest
22 verbose argv "install" "--ignore-scripts" "types-registry@latest"
23 timing npm:load:setTitle Completed in 1ms
24 timing npm:load:display Completed in 2ms
25 verbose logfile logs-max:10 dir:/home/ubuntu/.npm/_logs/2024-05-21T06_57_07_252Z-
26 verbose logfile /home/ubuntu/.npm/_logs/2024-05-21T06_57_07_252Z-debug-0.log
27 timing npm:load:logFile Completed in 15ms
28 timing npm:load:timers Completed in 0ms
29 timing npm:load:configScope Completed in 0ms
30 timing npm:load Completed in 74ms
31 timing arborist:ctor Completed in 1ms
32 silly logfile done cleaning log files
33 timing idealTree:init Completed in 25ms
34 timing arborist:ctor Completed in 0ms
35 http fetch GET 200 https://registry.npmjs.org/types-registry 253ms (cache revalidated)
36 timing idealTree:userRequests Completed in 268ms
37 silly idealTree buildDeps
38 silly fetch manifest types-registry@0.1.685
39 silly placeDep ROOT types-registry@0.1.685 REPLACE for:  want: 0.1.685
40 timing idealTree:#root Completed in 10ms
41 timing idealTree:node_modules/types-registry Completed in 0ms
42 timing idealTree:buildDeps Completed in 11ms
43 timing idealTree:fixDepFlags Completed in 1ms
44 timing idealTree Completed in 306ms
45 timing reify:loadTrees Completed in 307ms
46 timing reify:diffTrees Completed in 1ms
47 silly reify moves {}
48 timing reify:retireShallow Completed in 2ms
49 timing reify:createSparse Completed in 0ms
50 timing reify:loadBundles Completed in 0ms
51 silly audit bulk request {
51 silly audit   '@types/node': [ '20.12.12' ],
51 silly audit   'undici-types': [ '5.26.5' ],
51 silly audit   'types-registry': [ '0.1.685' ]
51 silly audit }
52 timing reify:unpack Completed in 1ms
53 timing reify:unretire Completed in 0ms
54 timing build:queue Completed in 0ms
55 timing build:deps Completed in 1ms
56 timing build Completed in 1ms
57 timing reify:build Completed in 1ms
58 timing reify:trash Completed in 0ms
59 timing reify:save Completed in 8ms
60 http fetch POST 200 https://registry.npmjs.org/-/npm/v1/security/advisories/bulk 170ms
61 timing auditReport:getReport Completed in 173ms
62 silly audit report {}
63 timing auditReport:init Completed in 0ms
64 timing reify:audit Completed in 175ms
65 timing reify Completed in 523ms
66 timing command:install Completed in 533ms
67 verbose exit 0
68 timing npm Completed in 1075ms
69 info ok
